<?xml version="1.0" encoding="UTF-8" ?>
<testsuite tests="1" failures="0" name="CucumberRunnerTest" time="13.184" errors="0" skipped="0">
  <properties>
    <property name="JOB_NAME" value="Automation/zoho"/>
    <property name="java.vendor" value="Eclipse Adoptium"/>
    <property name="RUN_TESTS_DISPLAY_URL" value="http://localhost:8080/job/Automation/job/zoho/13/display/redirect?page=tests"/>
    <property name="sun.java.launcher" value="SUN_STANDARD"/>
    <property name="sun.management.compiler" value="HotSpot 64-Bit Tiered Compilers"/>
    <property name="JENKINS_HOME" value="/Users/akshaykarkare/.jenkins"/>
    <property name="PATH" value="/usr/bin:/bin:/usr/sbin:/sbin"/>
    <property name="HUDSON_SERVER_COOKIE" value="64fde353e071a236"/>
    <property name="POM_ARTIFACTID" value="Automation"/>
    <property name="os.name" value="Mac OS X"/>
    <property name="EXECUTOR_NUMBER" value="1"/>
    <property name="java.vm.specification.vendor" value="Oracle Corporation"/>
    <property name="POM_DISPLAYNAME" value="Automation"/>
    <property name="NODE_LABELS" value="built-in"/>
    <property name="java.runtime.version" value="17.0.2+8"/>
    <property name="user.name" value="akshaykarkare"/>
    <property name="guice.disable.misplaced.annotation.check" value="true"/>
    <property name="user.language" value="en"/>
    <property name="JOB_BASE_NAME" value="zoho"/>
    <property name="RUN_CHANGES_DISPLAY_URL" value="http://localhost:8080/job/Automation/job/zoho/13/display/redirect?page=changes"/>
    <property name="BUILD_DISPLAY_NAME" value="#13"/>
    <property name="TMPDIR" value="/var/folders/v4/0c0mqd4926g0vsx0fg32n_100000gn/T/"/>
    <property name="sun.boot.library.path" value="/Library/Java/JavaVirtualMachines/temurin-17.jdk/Contents/Home/lib"/>
    <property name="java.vm.compressedOopsMode" value="Zero based"/>
    <property name="java.version" value="17.0.2"/>
    <property name="XPC_FLAGS" value="0x0"/>
    <property name="user.timezone" value="Asia/Kolkata"/>
    <property name="sun.arch.data.model" value="64"/>
    <property name="NODE_NAME" value="built-in"/>
    <property name="http.nonProxyHosts" value="local|*.local|169.254/16|*.169.254/16"/>
    <property name="BUILD_ID" value="13"/>
    <property name="sun.jnu.encoding" value="UTF-8"/>
    <property name="SHELL" value="/bin/zsh"/>
    <property name="file.separator" value="/"/>
    <property name="java.specification.name" value="Java Platform API Specification"/>
    <property name="maven.conf" value="/Users/akshaykarkare/.jenkins/tools/hudson.tasks.Maven_MavenInstallation/Maven3/conf"/>
    <property name="java.class.version" value="61.0"/>
    <property name="org.slf4j.simpleLogger.defaultLogLevel" value="info"/>
    <property name="user.country" value="IN"/>
    <property name="java.home" value="/Library/Java/JavaVirtualMachines/temurin-17.jdk/Contents/Home"/>
    <property name="java.vm.info" value="mixed mode"/>
    <property name="os.version" value="12.2"/>
    <property name="RUN_DISPLAY_URL" value="http://localhost:8080/job/Automation/job/zoho/13/display/redirect"/>
    <property name="POM_VERSION" value="1.0-SNAPSHOT"/>
    <property name="sun.font.fontmanager" value="sun.font.CFontManager"/>
    <property name="path.separator" value=":"/>
    <property name="RUN_ARTIFACTS_DISPLAY_URL" value="http://localhost:8080/job/Automation/job/zoho/13/display/redirect?page=artifacts"/>
    <property name="java.vm.version" value="17.0.2+8"/>
    <property name="JOB_DISPLAY_URL" value="http://localhost:8080/job/Automation/job/zoho/display/redirect"/>
    <property name="sun.io.unicode.encoding" value="UnicodeBig"/>
    <property name="LOGNAME" value="akshaykarkare"/>
    <property name="POM_PACKAGING" value="jar"/>
    <property name="socksNonProxyHosts" value="local|*.local|169.254/16|*.169.254/16"/>
    <property name="HOME" value="/Users/akshaykarkare"/>
    <property name="ftp.nonProxyHosts" value="local|*.local|169.254/16|*.169.254/16"/>
    <property name="POM_GROUPID" value="org.example"/>
    <property name="user.home" value="/Users/akshaykarkare"/>
    <property name="BUILD_TAG" value="jenkins-Automation-zoho-13"/>
    <property name="JENKINS_SERVER_COOKIE" value="64fde353e071a236"/>
    <property name="XPC_SERVICE_NAME" value="homebrew.mxcl.jenkins-lts"/>
    <property name="HUDSON_URL" value="http://localhost:8080/"/>
    <property name="java.version.date" value="2022-01-18"/>
    <property name="java.specification.vendor" value="Oracle Corporation"/>
    <property name="CLASSPATH" value=""/>
    <property name="java.library.path" value="/Users/akshaykarkare/Library/Java/Extensions:/Library/Java/Extensions:/Network/Library/Java/Extensions:/System/Library/Java/Extensions:/usr/lib/java:."/>
    <property name="java.vendor.url" value="https://adoptium.net/"/>
    <property name="java.vm.vendor" value="Eclipse Adoptium"/>
    <property name="java.runtime.name" value="OpenJDK Runtime Environment"/>
    <property name="maven.home" value="/Users/akshaykarkare/.jenkins/tools/hudson.tasks.Maven_MavenInstallation/Maven3"/>
    <property name="JAVA_MAIN_CLASS_30273" value="Main"/>
    <property name="sun.java.command" value="jenkins.maven3.agent.Maven35Main /Users/akshaykarkare/.jenkins/tools/hudson.tasks.Maven_MavenInstallation/Maven3 /Users/akshaykarkare/.jenkins/war/WEB-INF/lib/remoting-4.11.2.jar /Users/akshaykarkare/.jenkins/plugins/maven-plugin/WEB-INF/lib/maven35-interceptor-1.13.jar /Users/akshaykarkare/.jenkins/plugins/maven-plugin/WEB-INF/lib/maven3-interceptor-commons-1.13.jar 64703"/>
    <property name="java.class.path" value="/Users/akshaykarkare/.jenkins/plugins/maven-plugin/WEB-INF/lib/maven35-agent-1.13.jar:/Users/akshaykarkare/.jenkins/tools/hudson.tasks.Maven_MavenInstallation/Maven3/boot/plexus-classworlds-2.6.0.jar:/Users/akshaykarkare/.jenkins/tools/hudson.tasks.Maven_MavenInstallation/Maven3/conf/logging"/>
    <property name="native.encoding" value="UTF-8"/>
    <property name="jdk.debug" value="release"/>
    <property name="java.vm.specification.name" value="Java Virtual Machine Specification"/>
    <property name="jansi.mode" value="strip"/>
    <property name="java.vm.specification.version" value="17"/>
    <property name="M2_HOME" value="/Users/akshaykarkare/.jenkins/tools/hudson.tasks.Maven_MavenInstallation/Maven3"/>
    <property name="sun.cpu.endian" value="little"/>
    <property name="CI" value="true"/>
    <property name="java.io.tmpdir" value="/var/folders/v4/0c0mqd4926g0vsx0fg32n_100000gn/T/"/>
    <property name="HUDSON_HOME" value="/Users/akshaykarkare/.jenkins"/>
    <property name="PATH+MAVEN" value="/Users/akshaykarkare/.jenkins/tools/hudson.tasks.Maven_MavenInstallation/Maven3/bin"/>
    <property name="java.vendor.url.bug" value="https://github.com/adoptium/adoptium-support/issues"/>
    <property name="BUILD_URL" value="http://localhost:8080/job/Automation/job/zoho/13/"/>
    <property name="SSH_AUTH_SOCK" value="/private/tmp/com.apple.launchd.fvQNtAxjiE/Listeners"/>
    <property name="os.arch" value="aarch64"/>
    <property name="__CF_USER_TEXT_ENCODING" value="0x1F5:0x0:0x0"/>
    <property name="user.dir" value="/Users/akshaykarkare/Documents/IT/Automation/workspace/Automation"/>
    <property name="JOB_URL" value="http://localhost:8080/job/Automation/job/zoho/"/>
    <property name="MAVEN_HOME" value="/Users/akshaykarkare/.jenkins/tools/hudson.tasks.Maven_MavenInstallation/Maven3"/>
    <property name="line.separator" value="
"/>
    <property name="java.vm.name" value="OpenJDK 64-Bit Server VM"/>
    <property name="BUILD_NUMBER" value="13"/>
    <property name="JENKINS_URL" value="http://localhost:8080/"/>
    <property name="file.encoding" value="UTF-8"/>
    <property name="maven3.interceptor" value="/Users/akshaykarkare/.jenkins/plugins/maven-plugin/WEB-INF/lib/maven35-interceptor-1.13.jar"/>
    <property name="WORKSPACE_TMP" value="/Users/akshaykarkare/.jenkins/workspace/Automation/zoho@tmp"/>
    <property name="WORKSPACE" value="/Users/akshaykarkare/.jenkins/workspace/Automation/zoho"/>
    <property name="maven3.interceptor.common" value="/Users/akshaykarkare/.jenkins/plugins/maven-plugin/WEB-INF/lib/maven3-interceptor-commons-1.13.jar"/>
    <property name="java.specification.version" value="17"/>
    <property name="java.vendor.version" value="Temurin-17.0.2+8"/>
    <property name="USER" value="akshaykarkare"/>
  </properties>
  <testcase classname="As a User" name="Navigate to Zoho Website on Chrome Browser" time="13.184"/>
</testsuite>